Determining if the pthread_create exist failed with the following output:
Change Dir: /home/tania/catkin_ws/src/drone_application/CMakeFiles/CMakeTmp

Run Build Command:/usr/bin/make "cmTryCompileExec3932751116/fast"
/usr/bin/make -f CMakeFiles/cmTryCompileExec3932751116.dir/build.make CMakeFiles/cmTryCompileExec3932751116.dir/build
make[1]: se ingresa al directorio «/home/tania/catkin_ws/src/drone_application/CMakeFiles/CMakeTmp»
/usr/bin/cmake -E cmake_progress_report /home/tania/catkin_ws/src/drone_application/CMakeFiles/CMakeTmp/CMakeFiles 1
Building C object CMakeFiles/cmTryCompileExec3932751116.dir/CheckSymbolExists.c.o
/usr/bin/cc    -o CMakeFiles/cmTryCompileExec3932751116.dir/CheckSymbolExists.c.o   -c /home/tania/catkin_ws/src/drone_application/CMakeFiles/CMakeTmp/CheckSymbolExists.c
Linking C executable cmTryCompileExec3932751116
/usr/bin/cmake -E cmake_link_script CMakeFiles/cmTryCompileExec3932751116.dir/link.txt --verbose=1
/usr/bin/cc       CMakeFiles/cmTryCompileExec3932751116.dir/CheckSymbolExists.c.o  -o cmTryCompileExec3932751116 -rdynamic 
CMakeFiles/cmTryCompileExec3932751116.dir/CheckSymbolExists.c.o: En la función `main':
CheckSymbolExists.c:(.text+0x16): referencia a `pthread_create' sin definir
collect2: error: ld returned 1 exit status
make[1]: se sale del directorio «/home/tania/catkin_ws/src/drone_application/CMakeFiles/CMakeTmp»
make[1]: *** [cmTryCompileExec3932751116] Error 1
make: *** [cmTryCompileExec3932751116/fast] Error 2

File /home/tania/catkin_ws/src/drone_application/CMakeFiles/CMakeTmp/CheckSymbolExists.c:
/* */
#include <pthread.h>

int main(int argc, char** argv)
{
  (void)argv;
#ifndef pthread_create
  return ((int*)(&pthread_create))[argc];
#else
  (void)argc;
  return 0;
#endif
}

Determining if the function pthread_create exists in the pthreads failed with the following output:
Change Dir: /home/tania/catkin_ws/src/drone_application/CMakeFiles/CMakeTmp

Run Build Command:/usr/bin/make "cmTryCompileExec2213031880/fast"
/usr/bin/make -f CMakeFiles/cmTryCompileExec2213031880.dir/build.make CMakeFiles/cmTryCompileExec2213031880.dir/build
make[1]: se ingresa al directorio «/home/tania/catkin_ws/src/drone_application/CMakeFiles/CMakeTmp»
/usr/bin/cmake -E cmake_progress_report /home/tania/catkin_ws/src/drone_application/CMakeFiles/CMakeTmp/CMakeFiles 1
Building C object CMakeFiles/cmTryCompileExec2213031880.dir/CheckFunctionExists.c.o
/usr/bin/cc   -DCHECK_FUNCTION_EXISTS=pthread_create   -o CMakeFiles/cmTryCompileExec2213031880.dir/CheckFunctionExists.c.o   -c /usr/share/cmake-2.8/Modules/CheckFunctionExists.c
Linking C executable cmTryCompileExec2213031880
/usr/bin/cmake -E cmake_link_script CMakeFiles/cmTryCompileExec2213031880.dir/link.txt --verbose=1
/usr/bin/cc   -DCHECK_FUNCTION_EXISTS=pthread_create    CMakeFiles/cmTryCompileExec2213031880.dir/CheckFunctionExists.c.o  -o cmTryCompileExec2213031880 -rdynamic -lpthreads 
/usr/bin/ld: no se puede encontrar -lpthreads
collect2: error: ld returned 1 exit status
make[1]: se sale del directorio «/home/tania/catkin_ws/src/drone_application/CMakeFiles/CMakeTmp»
make[1]: *** [cmTryCompileExec2213031880] Error 1
make: *** [cmTryCompileExec2213031880/fast] Error 2


